Start testing: Feb 07 22:26 Eastern Standard Time
----------------------------------------------------------
1/2 Testing: TigerClipboardServerTest.CheckInitializedValues
1/2 Test: TigerClipboardServerTest.CheckInitializedValues
Command: "C:/Users/tgao2/TigerClipboard/build/Debug/TigerClipboardServerTest.exe" "--gtest_filter=TigerClipboardServerTest.CheckInitializedValues" "--gtest_also_run_disabled_tests"
Directory: C:/Users/tgao2/TigerClipboard/build
"TigerClipboardServerTest.CheckInitializedValues" start time: Feb 07 22:26 Eastern Standard Time
Output:
----------------------------------------------------------
Note: Google Test filter = TigerClipboardServerTest.CheckInitializedValues
[==========] Running 1 test from 1 test suite.
[----------] Global test environment set-up.
[----------] 1 test from TigerClipboardServerTest
[ RUN      ] TigerClipboardServerTest.CheckInitializedValues
[       OK ] TigerClipboardServerTest.CheckInitializedValues (0 ms)
[----------] 1 test from TigerClipboardServerTest (0 ms total)

[----------] Global test environment tear-down
[==========] 1 test from 1 test suite ran. (0 ms total)
[  PASSED  ] 1 test.
<end of output>
Test time =   0.01 sec
----------------------------------------------------------
Test Passed.
"TigerClipboardServerTest.CheckInitializedValues" end time: Feb 07 22:26 Eastern Standard Time
"TigerClipboardServerTest.CheckInitializedValues" time elapsed: 00:00:00
----------------------------------------------------------

2/2 Testing: TigerClipboardServerTest.TestStaticCopy
2/2 Test: TigerClipboardServerTest.TestStaticCopy
Command: "C:/Users/tgao2/TigerClipboard/build/Debug/TigerClipboardServerTest.exe" "--gtest_filter=TigerClipboardServerTest.TestStaticCopy" "--gtest_also_run_disabled_tests"
Directory: C:/Users/tgao2/TigerClipboard/build
"TigerClipboardServerTest.TestStaticCopy" start time: Feb 07 22:26 Eastern Standard Time
Output:
----------------------------------------------------------
Note: Google Test filter = TigerClipboardServerTest.TestStaticCopy
[==========] Running 1 test from 1 test suite.
[----------] Global test environment set-up.
[----------] 1 test from TigerClipboardServerTest
[ RUN      ] TigerClipboardServerTest.TestStaticCopy
a[       OK ] TigerClipboardServerTest.TestStaticCopy (0 ms)
[----------] 1 test from TigerClipboardServerTest (0 ms total)

[----------] Global test environment tear-down
[==========] 1 test from 1 test suite ran. (0 ms total)
[  PASSED  ] 1 test.
<end of output>
Test time =   0.01 sec
----------------------------------------------------------
Test Passed.
"TigerClipboardServerTest.TestStaticCopy" end time: Feb 07 22:26 Eastern Standard Time
"TigerClipboardServerTest.TestStaticCopy" time elapsed: 00:00:00
----------------------------------------------------------

End testing: Feb 07 22:26 Eastern Standard Time
